<?xml version="1.0" encoding="UTF-8" ?>
<testsuite tests="11" failures="0" name="edu.pitt.cs.cs1632.RunCucumberTest" time="0.25" errors="11" skipped="0">
  <properties>
[...]
</properties>
  <testcase classname="Rent-A-Cat listing" name="List available cats with no cats" time="0.128">
    <error message="The step &quot;a rent-a-cat facility&quot; is undefined. You can implement it using the snippet(s) below:

@Given(&quot;a rent-a-cat facility&quot;)
public void aRentACatFacility() {
    // Write code here that turns the phrase above into concrete actions
    throw new io.cucumber.java.PendingException();
}


Some other steps were also undefined:

@Given(&quot;no cats&quot;)
public void noCats() {
    // Write code here that turns the phrase above into concrete actions
    throw new io.cucumber.java.PendingException();
}
@When(&quot;I list the cats&quot;)
public void iListTheCats() {
    // Write code here that turns the phrase above into concrete actions
    throw new io.cucumber.java.PendingException();
}
@Then(&quot;the listing is: {string}&quot;)
public void theListingIs(String string) {
    // Write code here that turns the phrase above into concrete actions
    throw new io.cucumber.java.PendingException();
}
" type="io.cucumber.junit.UndefinedStepException">io.cucumber.junit.UndefinedStepException: The step &quot;a rent-a-cat facility&quot; is undefined. You can implement it using the snippet(s) below:

@Given(&quot;a rent-a-cat facility&quot;)
public void aRentACatFacility() {
    // Write code here that turns the phrase above into concrete actions
    throw new io.cucumber.java.PendingException();
}


Some other steps were also undefined:

@Given(&quot;no cats&quot;)
public void noCats() {
    // Write code here that turns the phrase above into concrete actions
    throw new io.cucumber.java.PendingException();
}
@When(&quot;I list the cats&quot;)
public void iListTheCats() {
    // Write code here that turns the phrase above into concrete actions
    throw new io.cucumber.java.PendingException();
}
@Then(&quot;the listing is: {string}&quot;)
public void theListingIs(String string) {
    // Write code here that turns the phrase above into concrete actions
    throw new io.cucumber.java.PendingException();
}

</error>
    <system-out>
Scenario: List available cats with no cats &amp;#27;[90m# edu/pitt/cs/cs1632/rent_a_cat_list_cats.feature:11&amp;#27;[0m
  &amp;#27;[33mGiven &amp;#27;[0m&amp;#27;[33ma rent-a-cat facility&amp;#27;[0m              &amp;#27;[90m# null&amp;#27;[0m
  &amp;#27;[36mGiven &amp;#27;[0m&amp;#27;[36mno cats&amp;#27;[0m                            &amp;#27;[90m# null&amp;#27;[0m
  &amp;#27;[36mWhen &amp;#27;[0m&amp;#27;[36mI list the cats&amp;#27;[0m                     &amp;#27;[90m# null&amp;#27;[0m
  &amp;#27;[36mThen &amp;#27;[0m&amp;#27;[36mthe listing is: &quot;&quot;&amp;#27;[0m                  &amp;#27;[90m# null&amp;#27;[0m
</system-out>
  </testcase>
  <testcase classname="Rent-A-Cat listing" name="List available cats with 1 cat" time="0.015">
    <error message="The step &quot;a rent-a-cat facility&quot; is undefined. You can implement it using the snippet(s) below:

@Given(&quot;a rent-a-cat facility&quot;)
public void aRentACatFacility() {
    // Write code here that turns the phrase above into concrete actions
    throw new io.cucumber.java.PendingException();
}


Some other steps were also undefined:

@Given(&quot;a cat with ID {int} and name {string}&quot;)
public void aCatWithIDAndName(Integer int1, String string) {
    // Write code here that turns the phrase above into concrete actions
    throw new io.cucumber.java.PendingException();
}
@When(&quot;I list the cats&quot;)
public void iListTheCats() {
    // Write code here that turns the phrase above into concrete actions
    throw new io.cucumber.java.PendingException();
}
@Then(&quot;the listing is: {string}&quot;)
public void theListingIs(String string) {
    // Write code here that turns the phrase above into concrete actions
    throw new io.cucumber.java.PendingException();
}
" type="io.cucumber.junit.UndefinedStepException">io.cucumber.junit.UndefinedStepException: The step &quot;a rent-a-cat facility&quot; is undefined. You can implement it using the snippet(s) below:

@Given(&quot;a rent-a-cat facility&quot;)
public void aRentACatFacility() {
    // Write code here that turns the phrase above into concrete actions
    throw new io.cucumber.java.PendingException();
}


Some other steps were also undefined:

@Given(&quot;a cat with ID {int} and name {string}&quot;)
public void aCatWithIDAndName(Integer int1, String string) {
    // Write code here that turns the phrase above into concrete actions
    throw new io.cucumber.java.PendingException();
}
@When(&quot;I list the cats&quot;)
public void iListTheCats() {
    // Write code here that turns the phrase above into concrete actions
    throw new io.cucumber.java.PendingException();
}
@Then(&quot;the listing is: {string}&quot;)
public void theListingIs(String string) {
    // Write code here that turns the phrase above into concrete actions
    throw new io.cucumber.java.PendingException();
}

</error>
    <system-out>
Scenario: List available cats with 1 cat        &amp;#27;[90m# edu/pitt/cs/cs1632/rent_a_cat_list_cats.feature:19&amp;#27;[0m
  &amp;#27;[33mGiven &amp;#27;[0m&amp;#27;[33ma rent-a-cat facility&amp;#27;[0m                   &amp;#27;[90m# null&amp;#27;[0m
  &amp;#27;[36mGiven &amp;#27;[0m&amp;#27;[36ma cat with ID 1 and name &quot;Jennyanydots&quot;&amp;#27;[0m &amp;#27;[90m# null&amp;#27;[0m
  &amp;#27;[36mWhen &amp;#27;[0m&amp;#27;[36mI list the cats&amp;#27;[0m                          &amp;#27;[90m# null&amp;#27;[0m
  &amp;#27;[36mThen &amp;#27;[0m&amp;#27;[36mthe listing is: &quot;ID 1. Jennyanydots\n&quot;&amp;#27;[0m   &amp;#27;[90m# null&amp;#27;[0m
</system-out>
  </testcase>
  <testcase classname="Rent-A-Cat listing" name="List available cats with 2 cats" time="0.014">
    <error message="The step &quot;a rent-a-cat facility&quot; is undefined. You can implement it using the snippet(s) below:

@Given(&quot;a rent-a-cat facility&quot;)
public void aRentACatFacility() {
    // Write code here that turns the phrase above into concrete actions
    throw new io.cucumber.java.PendingException();
}


Some other steps were also undefined:

@Given(&quot;a cat with ID {int} and name {string}&quot;)
public void aCatWithIDAndName(Integer int1, String string) {
    // Write code here that turns the phrase above into concrete actions
    throw new io.cucumber.java.PendingException();
}
@When(&quot;I list the cats&quot;)
public void iListTheCats() {
    // Write code here that turns the phrase above into concrete actions
    throw new io.cucumber.java.PendingException();
}
@Then(&quot;the listing is: {string}&quot;)
public void theListingIs(String string) {
    // Write code here that turns the phrase above into concrete actions
    throw new io.cucumber.java.PendingException();
}
" type="io.cucumber.junit.UndefinedStepException">io.cucumber.junit.UndefinedStepException: The step &quot;a rent-a-cat facility&quot; is undefined. You can implement it using the snippet(s) below:

@Given(&quot;a rent-a-cat facility&quot;)
public void aRentACatFacility() {
    // Write code here that turns the phrase above into concrete actions
    throw new io.cucumber.java.PendingException();
}


Some other steps were also undefined:

@Given(&quot;a cat with ID {int} and name {string}&quot;)
public void aCatWithIDAndName(Integer int1, String string) {
    // Write code here that turns the phrase above into concrete actions
    throw new io.cucumber.java.PendingException();
}
@When(&quot;I list the cats&quot;)
public void iListTheCats() {
    // Write code here that turns the phrase above into concrete actions
    throw new io.cucumber.java.PendingException();
}
@Then(&quot;the listing is: {string}&quot;)
public void theListingIs(String string) {
    // Write code here that turns the phrase above into concrete actions
    throw new io.cucumber.java.PendingException();
}

</error>
    <system-out>
Scenario: List available cats with 2 cats                            &amp;#27;[90m# edu/pitt/cs/cs1632/rent_a_cat_list_cats.feature:25&amp;#27;[0m
  &amp;#27;[33mGiven &amp;#27;[0m&amp;#27;[33ma rent-a-cat facility&amp;#27;[0m                                        &amp;#27;[90m# null&amp;#27;[0m
  &amp;#27;[36mGiven &amp;#27;[0m&amp;#27;[36ma cat with ID 1 and name &quot;Jennyanydots&quot;&amp;#27;[0m                      &amp;#27;[90m# null&amp;#27;[0m
  &amp;#27;[36mGiven &amp;#27;[0m&amp;#27;[36ma cat with ID 2 and name &quot;Old Deuteronomy&quot;&amp;#27;[0m                   &amp;#27;[90m# null&amp;#27;[0m
  &amp;#27;[36mWhen &amp;#27;[0m&amp;#27;[36mI list the cats&amp;#27;[0m                                               &amp;#27;[90m# null&amp;#27;[0m
  &amp;#27;[36mThen &amp;#27;[0m&amp;#27;[36mthe listing is: &quot;ID 1. Jennyanydots\nID 2. Old Deuteronomy\n&quot;&amp;#27;[0m &amp;#27;[90m# null&amp;#27;[0m
</system-out>
  </testcase>
  <testcase classname="Rent-A-Cat listing" name="List available cats with 3 cats" time="0.012">
    <error message="The step &quot;a rent-a-cat facility&quot; is undefined. You can implement it using the snippet(s) below:

@Given(&quot;a rent-a-cat facility&quot;)
public void aRentACatFacility() {
    // Write code here that turns the phrase above into concrete actions
    throw new io.cucumber.java.PendingException();
}


Some other steps were also undefined:

@Given(&quot;a cat with ID {int} and name {string}&quot;)
public void aCatWithIDAndName(Integer int1, String string) {
    // Write code here that turns the phrase above into concrete actions
    throw new io.cucumber.java.PendingException();
}
@When(&quot;I list the cats&quot;)
public void iListTheCats() {
    // Write code here that turns the phrase above into concrete actions
    throw new io.cucumber.java.PendingException();
}
@Then(&quot;the listing is: {string}&quot;)
public void theListingIs(String string) {
    // Write code here that turns the phrase above into concrete actions
    throw new io.cucumber.java.PendingException();
}
" type="io.cucumber.junit.UndefinedStepException">io.cucumber.junit.UndefinedStepException: The step &quot;a rent-a-cat facility&quot; is undefined. You can implement it using the snippet(s) below:

@Given(&quot;a rent-a-cat facility&quot;)
public void aRentACatFacility() {
    // Write code here that turns the phrase above into concrete actions
    throw new io.cucumber.java.PendingException();
}


Some other steps were also undefined:

@Given(&quot;a cat with ID {int} and name {string}&quot;)
public void aCatWithIDAndName(Integer int1, String string) {
    // Write code here that turns the phrase above into concrete actions
    throw new io.cucumber.java.PendingException();
}
@When(&quot;I list the cats&quot;)
public void iListTheCats() {
    // Write code here that turns the phrase above into concrete actions
    throw new io.cucumber.java.PendingException();
}
@Then(&quot;the listing is: {string}&quot;)
public void theListingIs(String string) {
    // Write code here that turns the phrase above into concrete actions
    throw new io.cucumber.java.PendingException();
}

</error>
    <system-out>
Scenario: List available cats with 3 cats                                                &amp;#27;[90m# edu/pitt/cs/cs1632/rent_a_cat_list_cats.feature:32&amp;#27;[0m
  &amp;#27;[33mGiven &amp;#27;[0m&amp;#27;[33ma rent-a-cat facility&amp;#27;[0m                                                            &amp;#27;[90m# null&amp;#27;[0m
  &amp;#27;[36mAnd &amp;#27;[0m&amp;#27;[36ma cat with ID 1 and name &quot;Jennyanydots&quot;&amp;#27;[0m                                            &amp;#27;[90m# null&amp;#27;[0m
  &amp;#27;[36mAnd &amp;#27;[0m&amp;#27;[36ma cat with ID 2 and name &quot;Old Deuteronomy&quot;&amp;#27;[0m                                         &amp;#27;[90m# null&amp;#27;[0m
  &amp;#27;[36mAnd &amp;#27;[0m&amp;#27;[36ma cat with ID 3 and name &quot;Mistoffelees&quot;&amp;#27;[0m                                            &amp;#27;[90m# null&amp;#27;[0m
  &amp;#27;[36mWhen &amp;#27;[0m&amp;#27;[36mI list the cats&amp;#27;[0m                                                                   &amp;#27;[90m# null&amp;#27;[0m
  &amp;#27;[36mThen &amp;#27;[0m&amp;#27;[36mthe listing is: &quot;ID 1. Jennyanydots\nID 2. Old Deuteronomy\nID 3. Mistoffelees\n&quot;&amp;#27;[0m &amp;#27;[90m# null&amp;#27;[0m
</system-out>
  </testcase>
  <testcase classname="play paper against rock" name="If the game is played 5 times, the scoreboard is &quot;(5:0:0)&quot;." time="0.022">
    <error message="The step &quot;Scoreboard is &quot;(5:0:0)&quot;&quot; is undefined. You can implement it using the snippet(s) below:

@Then(&quot;Scoreboard is {string}&quot;)
public void scoreboardIs(String string) {
    // Write code here that turns the phrase above into concrete actions
    throw new io.cucumber.java.PendingException();
}
" type="io.cucumber.junit.UndefinedStepException">io.cucumber.junit.UndefinedStepException: The step &quot;Scoreboard is &quot;(5:0:0)&quot;&quot; is undefined. You can implement it using the snippet(s) below:

@Then(&quot;Scoreboard is {string}&quot;)
public void scoreboardIs(String string) {
    // Write code here that turns the phrase above into concrete actions
    throw new io.cucumber.java.PendingException();
}

</error>
    <system-out>
Scenario: If the game is played 5 times, the scoreboard is &quot;(5:0:0)&quot;. &amp;#27;[90m# edu/pitt/cs/cs1632/rent_a_cat_rent_cats.feature:9&amp;#27;[0m
  &amp;#27;[32mGiven &amp;#27;[0m&amp;#27;[32mplayer 1 is a &amp;#27;[0m&amp;#27;[32m&amp;#27;[1m&quot;paper&quot;&amp;#27;[0m&amp;#27;[32m player&amp;#27;[0m                                  &amp;#27;[90m# edu.pitt.cs.cs1632.RPSStepDefinitions.setPaperPlayer(java.lang.String)&amp;#27;[0m
  &amp;#27;[32mAnd &amp;#27;[0m&amp;#27;[32mplayer 2 is a &amp;#27;[0m&amp;#27;[32m&amp;#27;[1m&quot;rock&quot;&amp;#27;[0m&amp;#27;[32m player&amp;#27;[0m                                     &amp;#27;[90m# edu.pitt.cs.cs1632.RPSStepDefinitions.setRockPlayer(java.lang.String)&amp;#27;[0m
  &amp;#27;[32mGiven &amp;#27;[0m&amp;#27;[32msb is a scoreboard&amp;#27;[0m                                            &amp;#27;[90m# edu.pitt.cs.cs1632.RPSStepDefinitions.setScoreboard()&amp;#27;[0m
  &amp;#27;[32mGiven &amp;#27;[0m&amp;#27;[32man RPS game&amp;#27;[0m                                                   &amp;#27;[90m# edu.pitt.cs.cs1632.RPSStepDefinitions.aRPSgame()&amp;#27;[0m
  &amp;#27;[32mWhen &amp;#27;[0m&amp;#27;[32mI play the game 5 times&amp;#27;[0m                                        &amp;#27;[90m# edu.pitt.cs.cs1632.RPSStepDefinitions.playGame5Times()&amp;#27;[0m
  &amp;#27;[33mThen &amp;#27;[0m&amp;#27;[33mScoreboard is &quot;(5:0:0)&quot;&amp;#27;[0m                                        &amp;#27;[90m# null&amp;#27;[0m
</system-out>
  </testcase>
  <testcase classname="play paper against rock" name="If the game is played 3 times, the scoreboard is &quot;(3:0:0)&quot;." time="0.02">
    <error message="The step &quot;Scoreboard is &quot;(3:0:0)&quot;&quot; is undefined. You can implement it using the snippet(s) below:

@Then(&quot;Scoreboard is {string}&quot;)
public void scoreboardIs(String string) {
    // Write code here that turns the phrase above into concrete actions
    throw new io.cucumber.java.PendingException();
}
" type="io.cucumber.junit.UndefinedStepException">io.cucumber.junit.UndefinedStepException: The step &quot;Scoreboard is &quot;(3:0:0)&quot;&quot; is undefined. You can implement it using the snippet(s) below:

@Then(&quot;Scoreboard is {string}&quot;)
public void scoreboardIs(String string) {
    // Write code here that turns the phrase above into concrete actions
    throw new io.cucumber.java.PendingException();
}

</error>
    <system-out>
Scenario: If the game is played 3 times, the scoreboard is &quot;(3:0:0)&quot;. &amp;#27;[90m# edu/pitt/cs/cs1632/rent_a_cat_rent_cats.feature:14&amp;#27;[0m
  &amp;#27;[32mGiven &amp;#27;[0m&amp;#27;[32mplayer 1 is a &amp;#27;[0m&amp;#27;[32m&amp;#27;[1m&quot;paper&quot;&amp;#27;[0m&amp;#27;[32m player&amp;#27;[0m                                  &amp;#27;[90m# edu.pitt.cs.cs1632.RPSStepDefinitions.setPaperPlayer(java.lang.String)&amp;#27;[0m
  &amp;#27;[32mAnd &amp;#27;[0m&amp;#27;[32mplayer 2 is a &amp;#27;[0m&amp;#27;[32m&amp;#27;[1m&quot;rock&quot;&amp;#27;[0m&amp;#27;[32m player&amp;#27;[0m                                     &amp;#27;[90m# edu.pitt.cs.cs1632.RPSStepDefinitions.setRockPlayer(java.lang.String)&amp;#27;[0m
  &amp;#27;[32mGiven &amp;#27;[0m&amp;#27;[32msb is a scoreboard&amp;#27;[0m                                            &amp;#27;[90m# edu.pitt.cs.cs1632.RPSStepDefinitions.setScoreboard()&amp;#27;[0m
  &amp;#27;[32mGiven &amp;#27;[0m&amp;#27;[32man RPS game&amp;#27;[0m                                                   &amp;#27;[90m# edu.pitt.cs.cs1632.RPSStepDefinitions.aRPSgame()&amp;#27;[0m
  &amp;#27;[32mWhen &amp;#27;[0m&amp;#27;[32mI play the game 3 times&amp;#27;[0m                                        &amp;#27;[90m# edu.pitt.cs.cs1632.RPSStepDefinitions.playGame3Times()&amp;#27;[0m
  &amp;#27;[33mThen &amp;#27;[0m&amp;#27;[33mScoreboard is &quot;(3:0:0)&quot;&amp;#27;[0m                                        &amp;#27;[90m# null&amp;#27;[0m
</system-out>
  </testcase>
  <testcase classname="Rent-A-Cat returning" name="Attempt to return a cat that does not exist" time="0.007">
    <error message="The step &quot;a rent-a-cat facility&quot; is undefined. You can implement it using the snippet(s) below:

@Given(&quot;a rent-a-cat facility&quot;)
public void aRentACatFacility() {
    // Write code here that turns the phrase above into concrete actions
    throw new io.cucumber.java.PendingException();
}


Some other steps were also undefined:

@Given(&quot;a cat with ID {int} and name {string}&quot;)
public void aCatWithIDAndName(Integer int1, String string) {
    // Write code here that turns the phrase above into concrete actions
    throw new io.cucumber.java.PendingException();
}
@When(&quot;I return cat number {int}&quot;)
public void iReturnCatNumber(Integer int1) {
    // Write code here that turns the phrase above into concrete actions
    throw new io.cucumber.java.PendingException();
}
@Then(&quot;the return is unsuccessful&quot;)
public void theReturnIsUnsuccessful() {
    // Write code here that turns the phrase above into concrete actions
    throw new io.cucumber.java.PendingException();
}
@When(&quot;I list the cats&quot;)
public void iListTheCats() {
    // Write code here that turns the phrase above into concrete actions
    throw new io.cucumber.java.PendingException();
}
@Then(&quot;the listing is: {string}&quot;)
public void theListingIs(String string) {
    // Write code here that turns the phrase above into concrete actions
    throw new io.cucumber.java.PendingException();
}
" type="io.cucumber.junit.UndefinedStepException">io.cucumber.junit.UndefinedStepException: The step &quot;a rent-a-cat facility&quot; is undefined. You can implement it using the snippet(s) below:

@Given(&quot;a rent-a-cat facility&quot;)
public void aRentACatFacility() {
    // Write code here that turns the phrase above into concrete actions
    throw new io.cucumber.java.PendingException();
}


Some other steps were also undefined:

@Given(&quot;a cat with ID {int} and name {string}&quot;)
public void aCatWithIDAndName(Integer int1, String string) {
    // Write code here that turns the phrase above into concrete actions
    throw new io.cucumber.java.PendingException();
}
@When(&quot;I return cat number {int}&quot;)
public void iReturnCatNumber(Integer int1) {
    // Write code here that turns the phrase above into concrete actions
    throw new io.cucumber.java.PendingException();
}
@Then(&quot;the return is unsuccessful&quot;)
public void theReturnIsUnsuccessful() {
    // Write code here that turns the phrase above into concrete actions
    throw new io.cucumber.java.PendingException();
}
@When(&quot;I list the cats&quot;)
public void iListTheCats() {
    // Write code here that turns the phrase above into concrete actions
    throw new io.cucumber.java.PendingException();
}
@Then(&quot;the listing is: {string}&quot;)
public void theListingIs(String string) {
    // Write code here that turns the phrase above into concrete actions
    throw new io.cucumber.java.PendingException();
}

</error>
    <system-out>
Scenario: Attempt to return a cat that does not exist                                    &amp;#27;[90m# edu/pitt/cs/cs1632/rent_a_cat_return_cats.feature:16&amp;#27;[0m
  &amp;#27;[33mGiven &amp;#27;[0m&amp;#27;[33ma rent-a-cat facility&amp;#27;[0m                                                            &amp;#27;[90m# null&amp;#27;[0m
  &amp;#27;[36mAnd &amp;#27;[0m&amp;#27;[36ma cat with ID 1 and name &quot;Jennyanydots&quot;&amp;#27;[0m                                            &amp;#27;[90m# null&amp;#27;[0m
  &amp;#27;[36mAnd &amp;#27;[0m&amp;#27;[36ma cat with ID 2 and name &quot;Old Deuteronomy&quot;&amp;#27;[0m                                         &amp;#27;[90m# null&amp;#27;[0m
  &amp;#27;[36mAnd &amp;#27;[0m&amp;#27;[36ma cat with ID 3 and name &quot;Mistoffelees&quot;&amp;#27;[0m                                            &amp;#27;[90m# null&amp;#27;[0m
  &amp;#27;[36mWhen &amp;#27;[0m&amp;#27;[36mI return cat number 4&amp;#27;[0m                                                             &amp;#27;[90m# null&amp;#27;[0m
  &amp;#27;[36mThen &amp;#27;[0m&amp;#27;[36mthe return is unsuccessful&amp;#27;[0m                                                        &amp;#27;[90m# null&amp;#27;[0m
  &amp;#27;[36mWhen &amp;#27;[0m&amp;#27;[36mI list the cats&amp;#27;[0m                                                                   &amp;#27;[90m# null&amp;#27;[0m
  &amp;#27;[36mThen &amp;#27;[0m&amp;#27;[36mthe listing is: &quot;ID 1. Jennyanydots\nID 2. Old Deuteronomy\nID 3. Mistoffelees\n&quot;&amp;#27;[0m &amp;#27;[90m# null&amp;#27;[0m
</system-out>
  </testcase>
  <testcase classname="Rent-A-Cat returning" name="Rent a cat and attempt to return the same cat twice" time="0.011">
    <error message="The step &quot;a rent-a-cat facility&quot; is undefined. You can implement it using the snippet(s) below:

@Given(&quot;a rent-a-cat facility&quot;)
public void aRentACatFacility() {
    // Write code here that turns the phrase above into concrete actions
    throw new io.cucumber.java.PendingException();
}


Some other steps were also undefined:

@Given(&quot;a cat with ID {int} and name {string}&quot;)
public void aCatWithIDAndName(Integer int1, String string) {
    // Write code here that turns the phrase above into concrete actions
    throw new io.cucumber.java.PendingException();
}
@When(&quot;I rent cat number {int}&quot;)
public void iRentCatNumber(Integer int1) {
    // Write code here that turns the phrase above into concrete actions
    throw new io.cucumber.java.PendingException();
}
@Then(&quot;the rent is successful&quot;)
public void theRentIsSuccessful() {
    // Write code here that turns the phrase above into concrete actions
    throw new io.cucumber.java.PendingException();
}
@When(&quot;I return cat number {int}&quot;)
public void iReturnCatNumber(Integer int1) {
    // Write code here that turns the phrase above into concrete actions
    throw new io.cucumber.java.PendingException();
}
@Then(&quot;the return is successful&quot;)
public void theReturnIsSuccessful() {
    // Write code here that turns the phrase above into concrete actions
    throw new io.cucumber.java.PendingException();
}
@Then(&quot;the return is unsuccessful&quot;)
public void theReturnIsUnsuccessful() {
    // Write code here that turns the phrase above into concrete actions
    throw new io.cucumber.java.PendingException();
}
" type="io.cucumber.junit.UndefinedStepException">io.cucumber.junit.UndefinedStepException: The step &quot;a rent-a-cat facility&quot; is undefined. You can implement it using the snippet(s) below:

@Given(&quot;a rent-a-cat facility&quot;)
public void aRentACatFacility() {
    // Write code here that turns the phrase above into concrete actions
    throw new io.cucumber.java.PendingException();
}


Some other steps were also undefined:

@Given(&quot;a cat with ID {int} and name {string}&quot;)
public void aCatWithIDAndName(Integer int1, String string) {
    // Write code here that turns the phrase above into concrete actions
    throw new io.cucumber.java.PendingException();
}
@When(&quot;I rent cat number {int}&quot;)
public void iRentCatNumber(Integer int1) {
    // Write code here that turns the phrase above into concrete actions
    throw new io.cucumber.java.PendingException();
}
@Then(&quot;the rent is successful&quot;)
public void theRentIsSuccessful() {
    // Write code here that turns the phrase above into concrete actions
    throw new io.cucumber.java.PendingException();
}
@When(&quot;I return cat number {int}&quot;)
public void iReturnCatNumber(Integer int1) {
    // Write code here that turns the phrase above into concrete actions
    throw new io.cucumber.java.PendingException();
}
@Then(&quot;the return is successful&quot;)
public void theReturnIsSuccessful() {
    // Write code here that turns the phrase above into concrete actions
    throw new io.cucumber.java.PendingException();
}
@Then(&quot;the return is unsuccessful&quot;)
public void theReturnIsUnsuccessful() {
    // Write code here that turns the phrase above into concrete actions
    throw new io.cucumber.java.PendingException();
}

</error>
    <system-out>
Scenario: Rent a cat and attempt to return the same cat twice &amp;#27;[90m# edu/pitt/cs/cs1632/rent_a_cat_return_cats.feature:22&amp;#27;[0m
  &amp;#27;[33mGiven &amp;#27;[0m&amp;#27;[33ma rent-a-cat facility&amp;#27;[0m                                 &amp;#27;[90m# null&amp;#27;[0m
  &amp;#27;[36mAnd &amp;#27;[0m&amp;#27;[36ma cat with ID 1 and name &quot;Jennyanydots&quot;&amp;#27;[0m                 &amp;#27;[90m# null&amp;#27;[0m
  &amp;#27;[36mAnd &amp;#27;[0m&amp;#27;[36ma cat with ID 2 and name &quot;Old Deuteronomy&quot;&amp;#27;[0m              &amp;#27;[90m# null&amp;#27;[0m
  &amp;#27;[36mAnd &amp;#27;[0m&amp;#27;[36ma cat with ID 3 and name &quot;Mistoffelees&quot;&amp;#27;[0m                 &amp;#27;[90m# null&amp;#27;[0m
  &amp;#27;[36mWhen &amp;#27;[0m&amp;#27;[36mI rent cat number 1&amp;#27;[0m                                    &amp;#27;[90m# null&amp;#27;[0m
  &amp;#27;[36mThen &amp;#27;[0m&amp;#27;[36mthe rent is successful&amp;#27;[0m                                 &amp;#27;[90m# null&amp;#27;[0m
  &amp;#27;[36mWhen &amp;#27;[0m&amp;#27;[36mI return cat number 1&amp;#27;[0m                                  &amp;#27;[90m# null&amp;#27;[0m
  &amp;#27;[36mThen &amp;#27;[0m&amp;#27;[36mthe return is successful&amp;#27;[0m                               &amp;#27;[90m# null&amp;#27;[0m
  &amp;#27;[36mWhen &amp;#27;[0m&amp;#27;[36mI return cat number 1&amp;#27;[0m                                  &amp;#27;[90m# null&amp;#27;[0m
  &amp;#27;[36mThen &amp;#27;[0m&amp;#27;[36mthe return is unsuccessful&amp;#27;[0m                             &amp;#27;[90m# null&amp;#27;[0m
</system-out>
  </testcase>
  <testcase classname="Rent-A-Cat returning" name="Rent the first cat and then return the first cat" time="0.008">
    <error message="The step &quot;a rent-a-cat facility&quot; is undefined. You can implement it using the snippet(s) below:

@Given(&quot;a rent-a-cat facility&quot;)
public void aRentACatFacility() {
    // Write code here that turns the phrase above into concrete actions
    throw new io.cucumber.java.PendingException();
}


Some other steps were also undefined:

@Given(&quot;a cat with ID {int} and name {string}&quot;)
public void aCatWithIDAndName(Integer int1, String string) {
    // Write code here that turns the phrase above into concrete actions
    throw new io.cucumber.java.PendingException();
}
@When(&quot;I rent cat number {int}&quot;)
public void iRentCatNumber(Integer int1) {
    // Write code here that turns the phrase above into concrete actions
    throw new io.cucumber.java.PendingException();
}
@Then(&quot;the rent is successful&quot;)
public void theRentIsSuccessful() {
    // Write code here that turns the phrase above into concrete actions
    throw new io.cucumber.java.PendingException();
}
@When(&quot;I return cat number {int}&quot;)
public void iReturnCatNumber(Integer int1) {
    // Write code here that turns the phrase above into concrete actions
    throw new io.cucumber.java.PendingException();
}
@Then(&quot;the return is successful&quot;)
public void theReturnIsSuccessful() {
    // Write code here that turns the phrase above into concrete actions
    throw new io.cucumber.java.PendingException();
}
" type="io.cucumber.junit.UndefinedStepException">io.cucumber.junit.UndefinedStepException: The step &quot;a rent-a-cat facility&quot; is undefined. You can implement it using the snippet(s) below:

@Given(&quot;a rent-a-cat facility&quot;)
public void aRentACatFacility() {
    // Write code here that turns the phrase above into concrete actions
    throw new io.cucumber.java.PendingException();
}


Some other steps were also undefined:

@Given(&quot;a cat with ID {int} and name {string}&quot;)
public void aCatWithIDAndName(Integer int1, String string) {
    // Write code here that turns the phrase above into concrete actions
    throw new io.cucumber.java.PendingException();
}
@When(&quot;I rent cat number {int}&quot;)
public void iRentCatNumber(Integer int1) {
    // Write code here that turns the phrase above into concrete actions
    throw new io.cucumber.java.PendingException();
}
@Then(&quot;the rent is successful&quot;)
public void theRentIsSuccessful() {
    // Write code here that turns the phrase above into concrete actions
    throw new io.cucumber.java.PendingException();
}
@When(&quot;I return cat number {int}&quot;)
public void iReturnCatNumber(Integer int1) {
    // Write code here that turns the phrase above into concrete actions
    throw new io.cucumber.java.PendingException();
}
@Then(&quot;the return is successful&quot;)
public void theReturnIsSuccessful() {
    // Write code here that turns the phrase above into concrete actions
    throw new io.cucumber.java.PendingException();
}

</error>
    <system-out>
Scenario: Rent the first cat and then return the first cat &amp;#27;[90m# edu/pitt/cs/cs1632/rent_a_cat_return_cats.feature:34&amp;#27;[0m
  &amp;#27;[33mGiven &amp;#27;[0m&amp;#27;[33ma rent-a-cat facility&amp;#27;[0m                              &amp;#27;[90m# null&amp;#27;[0m
  &amp;#27;[36mAnd &amp;#27;[0m&amp;#27;[36ma cat with ID 1 and name &quot;Jennyanydots&quot;&amp;#27;[0m              &amp;#27;[90m# null&amp;#27;[0m
  &amp;#27;[36mAnd &amp;#27;[0m&amp;#27;[36ma cat with ID 2 and name &quot;Old Deuteronomy&quot;&amp;#27;[0m           &amp;#27;[90m# null&amp;#27;[0m
  &amp;#27;[36mAnd &amp;#27;[0m&amp;#27;[36ma cat with ID 3 and name &quot;Mistoffelees&quot;&amp;#27;[0m              &amp;#27;[90m# null&amp;#27;[0m
  &amp;#27;[36mWhen &amp;#27;[0m&amp;#27;[36mI rent cat number 1&amp;#27;[0m                                 &amp;#27;[90m# null&amp;#27;[0m
  &amp;#27;[36mThen &amp;#27;[0m&amp;#27;[36mthe rent is successful&amp;#27;[0m                              &amp;#27;[90m# null&amp;#27;[0m
  &amp;#27;[36mWhen &amp;#27;[0m&amp;#27;[36mI return cat number 1&amp;#27;[0m                               &amp;#27;[90m# null&amp;#27;[0m
  &amp;#27;[36mThen &amp;#27;[0m&amp;#27;[36mthe return is successful&amp;#27;[0m                            &amp;#27;[90m# null&amp;#27;[0m
</system-out>
  </testcase>
  <testcase classname="Rent-A-Cat returning" name="Rent the last cat and then return the last cat" time="0.008">
    <error message="The step &quot;a rent-a-cat facility&quot; is undefined. You can implement it using the snippet(s) below:

@Given(&quot;a rent-a-cat facility&quot;)
public void aRentACatFacility() {
    // Write code here that turns the phrase above into concrete actions
    throw new io.cucumber.java.PendingException();
}


Some other steps were also undefined:

@Given(&quot;a cat with ID {int} and name {string}&quot;)
public void aCatWithIDAndName(Integer int1, String string) {
    // Write code here that turns the phrase above into concrete actions
    throw new io.cucumber.java.PendingException();
}
@When(&quot;I rent cat number {int}&quot;)
public void iRentCatNumber(Integer int1) {
    // Write code here that turns the phrase above into concrete actions
    throw new io.cucumber.java.PendingException();
}
@Then(&quot;the rent is successful&quot;)
public void theRentIsSuccessful() {
    // Write code here that turns the phrase above into concrete actions
    throw new io.cucumber.java.PendingException();
}
@When(&quot;I return cat number {int}&quot;)
public void iReturnCatNumber(Integer int1) {
    // Write code here that turns the phrase above into concrete actions
    throw new io.cucumber.java.PendingException();
}
@Then(&quot;the return is successful&quot;)
public void theReturnIsSuccessful() {
    // Write code here that turns the phrase above into concrete actions
    throw new io.cucumber.java.PendingException();
}
" type="io.cucumber.junit.UndefinedStepException">io.cucumber.junit.UndefinedStepException: The step &quot;a rent-a-cat facility&quot; is undefined. You can implement it using the snippet(s) below:

@Given(&quot;a rent-a-cat facility&quot;)
public void aRentACatFacility() {
    // Write code here that turns the phrase above into concrete actions
    throw new io.cucumber.java.PendingException();
}


Some other steps were also undefined:

@Given(&quot;a cat with ID {int} and name {string}&quot;)
public void aCatWithIDAndName(Integer int1, String string) {
    // Write code here that turns the phrase above into concrete actions
    throw new io.cucumber.java.PendingException();
}
@When(&quot;I rent cat number {int}&quot;)
public void iRentCatNumber(Integer int1) {
    // Write code here that turns the phrase above into concrete actions
    throw new io.cucumber.java.PendingException();
}
@Then(&quot;the rent is successful&quot;)
public void theRentIsSuccessful() {
    // Write code here that turns the phrase above into concrete actions
    throw new io.cucumber.java.PendingException();
}
@When(&quot;I return cat number {int}&quot;)
public void iReturnCatNumber(Integer int1) {
    // Write code here that turns the phrase above into concrete actions
    throw new io.cucumber.java.PendingException();
}
@Then(&quot;the return is successful&quot;)
public void theReturnIsSuccessful() {
    // Write code here that turns the phrase above into concrete actions
    throw new io.cucumber.java.PendingException();
}

</error>
    <system-out>
Scenario: Rent the last cat and then return the last cat &amp;#27;[90m# edu/pitt/cs/cs1632/rent_a_cat_return_cats.feature:41&amp;#27;[0m
  &amp;#27;[33mGiven &amp;#27;[0m&amp;#27;[33ma rent-a-cat facility&amp;#27;[0m                            &amp;#27;[90m# null&amp;#27;[0m
  &amp;#27;[36mAnd &amp;#27;[0m&amp;#27;[36ma cat with ID 1 and name &quot;Jennyanydots&quot;&amp;#27;[0m            &amp;#27;[90m# null&amp;#27;[0m
  &amp;#27;[36mAnd &amp;#27;[0m&amp;#27;[36ma cat with ID 2 and name &quot;Old Deuteronomy&quot;&amp;#27;[0m         &amp;#27;[90m# null&amp;#27;[0m
  &amp;#27;[36mAnd &amp;#27;[0m&amp;#27;[36ma cat with ID 3 and name &quot;Mistoffelees&quot;&amp;#27;[0m            &amp;#27;[90m# null&amp;#27;[0m
  &amp;#27;[36mWhen &amp;#27;[0m&amp;#27;[36mI rent cat number 3&amp;#27;[0m                               &amp;#27;[90m# null&amp;#27;[0m
  &amp;#27;[36mThen &amp;#27;[0m&amp;#27;[36mthe rent is successful&amp;#27;[0m                            &amp;#27;[90m# null&amp;#27;[0m
  &amp;#27;[36mWhen &amp;#27;[0m&amp;#27;[36mI return cat number 3&amp;#27;[0m                             &amp;#27;[90m# null&amp;#27;[0m
  &amp;#27;[36mThen &amp;#27;[0m&amp;#27;[36mthe return is successful&amp;#27;[0m                          &amp;#27;[90m# null&amp;#27;[0m
</system-out>
  </testcase>
  <testcase classname="Rent-A-Cat returning" name="Rent a middling cat and then return that cat" time="0.005">
    <error message="The step &quot;a rent-a-cat facility&quot; is undefined. You can implement it using the snippet(s) below:

@Given(&quot;a rent-a-cat facility&quot;)
public void aRentACatFacility() {
    // Write code here that turns the phrase above into concrete actions
    throw new io.cucumber.java.PendingException();
}


Some other steps were also undefined:

@Given(&quot;a cat with ID {int} and name {string}&quot;)
public void aCatWithIDAndName(Integer int1, String string) {
    // Write code here that turns the phrase above into concrete actions
    throw new io.cucumber.java.PendingException();
}
@When(&quot;I rent cat number {int}&quot;)
public void iRentCatNumber(Integer int1) {
    // Write code here that turns the phrase above into concrete actions
    throw new io.cucumber.java.PendingException();
}
@Then(&quot;the rent is successful&quot;)
public void theRentIsSuccessful() {
    // Write code here that turns the phrase above into concrete actions
    throw new io.cucumber.java.PendingException();
}
@When(&quot;I return cat number {int}&quot;)
public void iReturnCatNumber(Integer int1) {
    // Write code here that turns the phrase above into concrete actions
    throw new io.cucumber.java.PendingException();
}
@Then(&quot;the return is successful&quot;)
public void theReturnIsSuccessful() {
    // Write code here that turns the phrase above into concrete actions
    throw new io.cucumber.java.PendingException();
}
" type="io.cucumber.junit.UndefinedStepException">io.cucumber.junit.UndefinedStepException: The step &quot;a rent-a-cat facility&quot; is undefined. You can implement it using the snippet(s) below:

@Given(&quot;a rent-a-cat facility&quot;)
public void aRentACatFacility() {
    // Write code here that turns the phrase above into concrete actions
    throw new io.cucumber.java.PendingException();
}


Some other steps were also undefined:

@Given(&quot;a cat with ID {int} and name {string}&quot;)
public void aCatWithIDAndName(Integer int1, String string) {
    // Write code here that turns the phrase above into concrete actions
    throw new io.cucumber.java.PendingException();
}
@When(&quot;I rent cat number {int}&quot;)
public void iRentCatNumber(Integer int1) {
    // Write code here that turns the phrase above into concrete actions
    throw new io.cucumber.java.PendingException();
}
@Then(&quot;the rent is successful&quot;)
public void theRentIsSuccessful() {
    // Write code here that turns the phrase above into concrete actions
    throw new io.cucumber.java.PendingException();
}
@When(&quot;I return cat number {int}&quot;)
public void iReturnCatNumber(Integer int1) {
    // Write code here that turns the phrase above into concrete actions
    throw new io.cucumber.java.PendingException();
}
@Then(&quot;the return is successful&quot;)
public void theReturnIsSuccessful() {
    // Write code here that turns the phrase above into concrete actions
    throw new io.cucumber.java.PendingException();
}

</error>
    <system-out>
Scenario: Rent a middling cat and then return that cat &amp;#27;[90m# edu/pitt/cs/cs1632/rent_a_cat_return_cats.feature:49&amp;#27;[0m
  &amp;#27;[33mGiven &amp;#27;[0m&amp;#27;[33ma rent-a-cat facility&amp;#27;[0m                          &amp;#27;[90m# null&amp;#27;[0m
  &amp;#27;[36mAnd &amp;#27;[0m&amp;#27;[36ma cat with ID 1 and name &quot;Jennyanydots&quot;&amp;#27;[0m          &amp;#27;[90m# null&amp;#27;[0m
  &amp;#27;[36mAnd &amp;#27;[0m&amp;#27;[36ma cat with ID 2 and name &quot;Old Deuteronomy&quot;&amp;#27;[0m       &amp;#27;[90m# null&amp;#27;[0m
  &amp;#27;[36mAnd &amp;#27;[0m&amp;#27;[36ma cat with ID 3 and name &quot;Mistoffelees&quot;&amp;#27;[0m          &amp;#27;[90m# null&amp;#27;[0m
  &amp;#27;[36mWhen &amp;#27;[0m&amp;#27;[36mI rent cat number 2&amp;#27;[0m                             &amp;#27;[90m# null&amp;#27;[0m
  &amp;#27;[36mThen &amp;#27;[0m&amp;#27;[36mthe rent is successful&amp;#27;[0m                          &amp;#27;[90m# null&amp;#27;[0m
  &amp;#27;[36mWhen &amp;#27;[0m&amp;#27;[36mI return cat number 2&amp;#27;[0m                           &amp;#27;[90m# null&amp;#27;[0m
  &amp;#27;[36mThen &amp;#27;[0m&amp;#27;[36mthe return is successful&amp;#27;[0m                        &amp;#27;[90m# null&amp;#27;[0m
</system-out>
  </testcase>
</testsuite>